c:\users\ulises\documents\github\ai\example\dungeongeneration\debug\dungeongeneration.pch
c:\users\ulises\documents\github\ai\example\dungeongeneration\debug\vc140.pdb
c:\users\ulises\documents\github\ai\example\dungeongeneration\debug\vc140.idb
c:\users\ulises\documents\github\ai\example\dungeongeneration\debug\stdafx.obj
c:\users\ulises\documents\github\ai\example\dungeongeneration\debug\dungeongeneration.obj
c:\users\ulises\documents\github\ai\example\dungeongeneration\debug\dungeonmap.obj
c:\users\ulises\documents\github\ai\example\dungeongeneration\debug\edge.obj
c:\users\ulises\documents\github\ai\example\dungeongeneration\debug\graphpoint.obj
c:\users\ulises\documents\github\ai\example\dungeongeneration\debug\triangle.obj
c:\users\ulises\documents\github\ai\example\dungeongeneration\debug\utils.obj
c:\users\ulises\documents\github\ai\example\bin\dungeongeneration.ilk
c:\users\ulises\documents\github\ai\example\bin\dungeongeneration.exe
c:\users\ulises\documents\github\ai\example\bin\dungeongeneration.pdb
c:\users\ulises\documents\github\ai\example\dungeongeneration\debug\dungeongeneration.vcxprojresolveassemblyreference.cache
c:\users\ulises\documents\github\ai\example\dungeongeneration\debug\dungeong.0a589321.tlog\cl.command.1.tlog
c:\users\ulises\documents\github\ai\example\dungeongeneration\debug\dungeong.0a589321.tlog\cl.read.1.tlog
c:\users\ulises\documents\github\ai\example\dungeongeneration\debug\dungeong.0a589321.tlog\cl.write.1.tlog
c:\users\ulises\documents\github\ai\example\dungeongeneration\debug\dungeong.0a589321.tlog\link.command.1.tlog
c:\users\ulises\documents\github\ai\example\dungeongeneration\debug\dungeong.0a589321.tlog\link.read.1.tlog
c:\users\ulises\documents\github\ai\example\dungeongeneration\debug\dungeong.0a589321.tlog\link.write.1.tlog
