  World.cpp
c:\users\ulises\documents\github\ai\example\dungeongeneration\gameobjects\boid.h(6): warning C4305: 'inicializando': truncamiento de 'double' a 'float'
c:\users\ulises\documents\github\ai\example\dungeongeneration\gameobjects\world.cpp(9): warning C4244: 'argumento': conversión de 'time_t' a 'unsigned int'; posible pérdida de datos
c:\users\ulises\documents\github\ai\example\dungeongeneration\gameobjects\world.cpp(32): warning C4244: 'argumento': conversión de 'float' a 'int'; posible pérdida de datos
c:\users\ulises\documents\github\ai\example\dungeongeneration\gameobjects\world.cpp(45): warning C4018: '<': no coinciden signed/unsigned
c:\users\ulises\documents\github\ai\example\dungeongeneration\gameobjects\world.cpp(47): warning C4244: 'argumento': conversión de 'int' a 'float'; posible pérdida de datos
c:\users\ulises\documents\github\ai\example\dungeongeneration\gameobjects\world.cpp(48): warning C4244: 'argumento': conversión de 'int' a 'float'; posible pérdida de datos
c:\users\ulises\documents\github\ai\example\dungeongeneration\gameobjects\world.cpp(60): warning C4244: 'argumento': conversión de 'int' a 'float'; posible pérdida de datos
c:\users\ulises\documents\github\ai\example\dungeongeneration\gameobjects\world.cpp(61): warning C4244: 'argumento': conversión de 'int' a 'float'; posible pérdida de datos
c:\users\ulises\documents\github\ai\example\dungeongeneration\gameobjects\world.cpp(74): warning C4244: 'argumento': conversión de 'int' a 'float'; posible pérdida de datos
c:\users\ulises\documents\github\ai\example\dungeongeneration\gameobjects\world.cpp(75): warning C4244: 'argumento': conversión de 'int' a 'float'; posible pérdida de datos
c:\users\ulises\documents\github\ai\example\dungeongeneration\gameobjects\world.cpp(80): warning C4244: 'argumento': conversión de 'int' a 'float'; posible pérdida de datos
c:\users\ulises\documents\github\ai\example\dungeongeneration\gameobjects\world.cpp(81): warning C4244: 'argumento': conversión de 'int' a 'float'; posible pérdida de datos
c:\users\ulises\documents\github\ai\example\dungeongeneration\gameobjects\world.cpp(156): warning C4018: '<': no coinciden signed/unsigned
c:\users\ulises\documents\github\ai\example\dungeongeneration\gameobjects\world.cpp(188): warning C4715: 'CWorld::GetFactionByID': no todas las rutas de acceso de control devuelven un valor
c:\users\ulises\documents\github\ai\example\dungeongeneration\gameobjects\world.cpp(195): warning C4715: 'CWorld::GetArmorByID': no todas las rutas de acceso de control devuelven un valor
c:\users\ulises\documents\github\ai\example\dungeongeneration\gameobjects\world.cpp(209): warning C4715: 'CWorld::GetTypeByID': no todas las rutas de acceso de control devuelven un valor
c:\users\ulises\documents\github\ai\example\dungeongeneration\gameobjects\world.cpp(216): warning C4715: 'CWorld::GetWeaponTypeByID': no todas las rutas de acceso de control devuelven un valor
c:\users\ulises\documents\github\ai\example\dungeongeneration\gameobjects\world.cpp(202): warning C4715: 'CWorld::GetTerrainTypenByID': no todas las rutas de acceso de control devuelven un valor
  DungeonGeneration.vcxproj -> C:\Users\Ulises\Documents\GitHub\AI\Example\bin\DungeonGeneration.exe
  DungeonGeneration.vcxproj -> C:\Users\Ulises\Documents\GitHub\AI\Example\bin\DungeonGeneration.pdb (Full PDB)
