c:\users\ulises\documents\github\ai\example\pathfinding\debug\pathfinding.pch
c:\users\ulises\documents\github\ai\example\pathfinding\debug\vc140.pdb
c:\users\ulises\documents\github\ai\example\pathfinding\debug\vc140.idb
c:\users\ulises\documents\github\ai\example\pathfinding\debug\stdafx.obj
c:\users\ulises\documents\github\ai\example\pathfinding\debug\astarwalker.obj
c:\users\ulises\documents\github\ai\example\pathfinding\debug\bestfswalker.obj
c:\users\ulises\documents\github\ai\example\pathfinding\debug\bfswalker.obj
c:\users\ulises\documents\github\ai\example\pathfinding\debug\dfswalker.obj
c:\users\ulises\documents\github\ai\example\pathfinding\debug\dijikstrawalker.obj
c:\users\ulises\documents\github\ai\example\pathfinding\debug\matrix4d.obj
c:\users\ulises\documents\github\ai\example\pathfinding\debug\pathfinding.obj
c:\users\ulises\documents\github\ai\example\pathfinding\debug\vector3d.obj
c:\users\ulises\documents\github\ai\example\pathfinding\debug\vector4d.obj
c:\users\ulises\documents\github\ai\example\pathfinding\debug\walkerbase.obj
c:\users\ulises\documents\github\ai\example\debug\pathfinding.ilk
c:\users\ulises\documents\github\ai\example\debug\pathfinding.exe
c:\users\ulises\documents\github\ai\example\debug\pathfinding.pdb
c:\users\ulises\documents\github\ai\example\pathfinding\debug\pathfinding.res
c:\users\ulises\documents\github\ai\example\pathfinding\debug\pathfinding.tlog\cl.command.1.tlog
c:\users\ulises\documents\github\ai\example\pathfinding\debug\pathfinding.tlog\cl.read.1.tlog
c:\users\ulises\documents\github\ai\example\pathfinding\debug\pathfinding.tlog\cl.write.1.tlog
c:\users\ulises\documents\github\ai\example\pathfinding\debug\pathfinding.tlog\link.command.1.tlog
c:\users\ulises\documents\github\ai\example\pathfinding\debug\pathfinding.tlog\link.read.1.tlog
c:\users\ulises\documents\github\ai\example\pathfinding\debug\pathfinding.tlog\link.write.1.tlog
c:\users\ulises\documents\github\ai\example\pathfinding\debug\pathfinding.tlog\rc.command.1.tlog
c:\users\ulises\documents\github\ai\example\pathfinding\debug\pathfinding.tlog\rc.read.1.tlog
c:\users\ulises\documents\github\ai\example\pathfinding\debug\pathfinding.tlog\rc.write.1.tlog
